<?xml version="1.0" encoding="UTF-8"?>
<!-- Generated by org.testng.reporters.JUnitXMLReporter -->
<testsuite ignored="3" hostname="DESKTOP-T0IF1AT" failures="0" tests="3" name="Test" time="13.721" errors="0" timestamp="2024-03-10T11:08:28 IST">
  <testcase classname="testngprograms.Testnggroups" name="facebook" time="1.256"/>
  <testcase classname="testngprograms.Testnggroups" name="gmail" time="2.347"/>
  <testcase classname="testngprograms.Testnggroups" name="twitter" time="4.334"/>
  <testcase classname="testngprograms.Testnggroups" name="swiggy" time="0.0">
    <ignored/>
  </testcase> <!-- swiggy -->
  <testcase classname="testngprograms.Testnggroups" name="google" time="0.0">
    <ignored/>
  </testcase> <!-- google -->
  <testcase classname="testngprograms.Testnggroups" name="zomato" time="0.0">
    <ignored/>
  </testcase> <!-- zomato -->
</testsuite> <!-- Test -->
